<?xml version="1.0" encoding="UTF-8"?>
<robot generator="Robot 3.1.2 (Python 3.8.1 on win32)" generated="20200205 14:57:30.341" rpa="false">
<suite id="s1" name="RobotProject1" source="C:\Users\pisawis\eclipse-workspace\RobotProject1">
<suite id="s1-s1" name="Test" source="C:\Users\pisawis\eclipse-workspace\RobotProject1\Test">
<suite id="s1-s1-s1" name="TestSuite1" source="C:\Users\pisawis\eclipse-workspace\RobotProject1\Test\TestSuite1.robot">
<kw name="Log" library="BuiltIn" type="setup">
<doc>Logs the given message with the given level.</doc>
<arguments>
<arg>I am inside TEST SUITE SETUP</arg>
</arguments>
<msg timestamp="20200205 14:57:31.155" level="INFO">I am inside TEST SUITE SETUP</msg>
<status status="PASS" starttime="20200205 14:57:31.154" endtime="20200205 14:57:31.155"></status>
</kw>
<test id="s1-s1-s1-t1" name="TestOne">
<kw name="Log" library="BuiltIn" type="setup">
<doc>Logs the given message with the given level.</doc>
<arguments>
<arg>I am inside TEST SETUP</arg>
</arguments>
<msg timestamp="20200205 14:57:31.159" level="INFO">I am inside TEST SETUP</msg>
<status status="PASS" starttime="20200205 14:57:31.158" endtime="20200205 14:57:31.160"></status>
</kw>
<kw name="Log" library="BuiltIn">
<doc>Logs the given message with the given level.</doc>
<arguments>
<arg>Hello World!</arg>
</arguments>
<msg timestamp="20200205 14:57:31.162" level="INFO">Hello World!</msg>
<status status="PASS" starttime="20200205 14:57:31.160" endtime="20200205 14:57:31.162"></status>
</kw>
<kw name="Log" library="BuiltIn" type="teardown">
<doc>Logs the given message with the given level.</doc>
<arguments>
<arg>I am inside TEST TEARDOWN</arg>
</arguments>
<msg timestamp="20200205 14:57:31.162" level="INFO">I am inside TEST TEARDOWN</msg>
<status status="PASS" starttime="20200205 14:57:31.162" endtime="20200205 14:57:31.164"></status>
</kw>
<status status="PASS" starttime="20200205 14:57:31.156" endtime="20200205 14:57:31.164" critical="yes"></status>
</test>
<test id="s1-s1-s1-t2" name="FirstSeleniumTest">
<kw name="Log" library="BuiltIn" type="setup">
<doc>Logs the given message with the given level.</doc>
<arguments>
<arg>I am inside TEST SETUP</arg>
</arguments>
<msg timestamp="20200205 14:57:31.166" level="INFO">I am inside TEST SETUP</msg>
<status status="PASS" starttime="20200205 14:57:31.165" endtime="20200205 14:57:31.166"></status>
</kw>
<kw name="Open Browser" library="SeleniumLibrary">
<doc>Opens a new browser instance to the optional ``url``.</doc>
<arguments>
<arg>https://google.com</arg>
<arg>chrome</arg>
</arguments>
<msg timestamp="20200205 14:57:31.167" level="INFO">Opening browser 'chrome' to base url 'https://google.com'.</msg>
<status status="PASS" starttime="20200205 14:57:31.167" endtime="20200205 14:57:36.648"></status>
</kw>
<kw name="Set Browser Implicit Wait" library="SeleniumLibrary">
<doc>Sets the implicit wait value used by Selenium.</doc>
<arguments>
<arg>5</arg>
</arguments>
<status status="PASS" starttime="20200205 14:57:36.649" endtime="20200205 14:57:36.654"></status>
</kw>
<kw name="Input Text" library="SeleniumLibrary">
<doc>Types the given ``text`` into the text field identified by ``locator``.</doc>
<arguments>
<arg>name=q</arg>
<arg>Selenium</arg>
</arguments>
<msg timestamp="20200205 14:57:36.656" level="INFO">Typing text 'Selenium' into text field 'name=q'.</msg>
<status status="PASS" starttime="20200205 14:57:36.655" endtime="20200205 14:57:37.113"></status>
</kw>
<kw name="Press Keys" library="SeleniumLibrary">
<doc>Simulates the user pressing key(s) to an element or on the active browser.</doc>
<arguments>
<arg>name=q</arg>
<arg>ENTER</arg>
</arguments>
<msg timestamp="20200205 14:57:37.116" level="INFO">Sending key(s) ('ENTER',) to name=q element.</msg>
<msg timestamp="20200205 14:57:37.137" level="INFO">Pressing special key ENTER to element.</msg>
<status status="PASS" starttime="20200205 14:57:37.114" endtime="20200205 14:57:39.831"></status>
</kw>
<kw name="Sleep" library="BuiltIn">
<doc>Pauses the test executed for the given time.</doc>
<arguments>
<arg>3</arg>
</arguments>
<msg timestamp="20200205 14:57:42.834" level="INFO">Slept 3 seconds</msg>
<status status="PASS" starttime="20200205 14:57:39.831" endtime="20200205 14:57:42.835"></status>
</kw>
<kw name="Close Browser" library="SeleniumLibrary">
<doc>Closes the current browser.</doc>
<status status="PASS" starttime="20200205 14:57:42.836" endtime="20200205 14:57:45.421"></status>
</kw>
<kw name="Log" library="BuiltIn">
<doc>Logs the given message with the given level.</doc>
<arguments>
<arg>Test Completed</arg>
</arguments>
<msg timestamp="20200205 14:57:45.427" level="INFO">Test Completed</msg>
<status status="PASS" starttime="20200205 14:57:45.423" endtime="20200205 14:57:45.427"></status>
</kw>
<kw name="Log" library="BuiltIn" type="teardown">
<doc>Logs the given message with the given level.</doc>
<arguments>
<arg>I am inside TEST TEARDOWN</arg>
</arguments>
<msg timestamp="20200205 14:57:45.433" level="INFO">I am inside TEST TEARDOWN</msg>
<status status="PASS" starttime="20200205 14:57:45.430" endtime="20200205 14:57:45.434"></status>
</kw>
<status status="PASS" starttime="20200205 14:57:31.164" endtime="20200205 14:57:45.435" critical="yes"></status>
</test>
<test id="s1-s1-s1-t3" name="SamlpleLoginTest">
<kw name="Log" library="BuiltIn" type="setup">
<doc>Logs the given message with the given level.</doc>
<arguments>
<arg>I am inside TEST SETUP</arg>
</arguments>
<msg timestamp="20200205 14:57:45.447" level="INFO">I am inside TEST SETUP</msg>
<status status="PASS" starttime="20200205 14:57:45.444" endtime="20200205 14:57:45.448"></status>
</kw>
<kw name="Open Browser" library="SeleniumLibrary">
<doc>Opens a new browser instance to the optional ``url``.</doc>
<arguments>
<arg>${URL}</arg>
<arg>chrome</arg>
</arguments>
<msg timestamp="20200205 14:57:45.453" level="INFO">Opening browser 'chrome' to base url 'https://opensource-demo.orangehrmlive.com/'.</msg>
<status status="PASS" starttime="20200205 14:57:45.451" endtime="20200205 14:57:52.012"></status>
</kw>
<kw name="Set Browser Implicit Wait" library="SeleniumLibrary">
<doc>Sets the implicit wait value used by Selenium.</doc>
<arguments>
<arg>15</arg>
</arguments>
<status status="PASS" starttime="20200205 14:57:52.014" endtime="20200205 14:57:52.020"></status>
</kw>
<kw name="LoginKW">
<kw name="Input Text" library="SeleniumLibrary">
<doc>Types the given ``text`` into the text field identified by ``locator``.</doc>
<arguments>
<arg>id=txtUsername</arg>
<arg>&amp;{LOGINDATA}[username]</arg>
</arguments>
<msg timestamp="20200205 14:57:52.024" level="INFO">Typing text 'Admin' into text field 'id=txtUsername'.</msg>
<status status="PASS" starttime="20200205 14:57:52.023" endtime="20200205 14:57:52.322"></status>
</kw>
<kw name="Input Password" library="SeleniumLibrary">
<doc>Types the given password into the text field identified by ``locator``.</doc>
<arguments>
<arg>id=txtPassword</arg>
<arg>&amp;{LOGINDATA}[password]</arg>
</arguments>
<msg timestamp="20200205 14:57:52.327" level="INFO">Typing password into text field 'id=txtPassword'.</msg>
<status status="PASS" starttime="20200205 14:57:52.324" endtime="20200205 14:57:52.549"></status>
</kw>
<kw name="Click Button" library="SeleniumLibrary">
<doc>Clicks the button identified by ``locator``.</doc>
<arguments>
<arg>id=btnLogin</arg>
</arguments>
<msg timestamp="20200205 14:57:52.551" level="INFO">Clicking button 'id=btnLogin'.</msg>
<status status="PASS" starttime="20200205 14:57:52.550" endtime="20200205 14:57:54.353"></status>
</kw>
<status status="PASS" starttime="20200205 14:57:52.021" endtime="20200205 14:57:54.355"></status>
</kw>
<kw name="Click Element" library="SeleniumLibrary">
<doc>Click the element identified by ``locator``.</doc>
<arguments>
<arg>id=welcome</arg>
</arguments>
<msg timestamp="20200205 14:57:54.359" level="INFO">Clicking element 'id=welcome'.</msg>
<status status="PASS" starttime="20200205 14:57:54.357" endtime="20200205 14:57:54.462"></status>
</kw>
<kw name="Click Element" library="SeleniumLibrary">
<doc>Click the element identified by ``locator``.</doc>
<arguments>
<arg>id=welcome</arg>
</arguments>
<msg timestamp="20200205 14:57:54.464" level="INFO">Clicking element 'id=welcome'.</msg>
<status status="PASS" starttime="20200205 14:57:54.463" endtime="20200205 14:57:56.292"></status>
</kw>
<kw name="Click Element" library="SeleniumLibrary">
<doc>Click the element identified by ``locator``.</doc>
<arguments>
<arg>id=welcome</arg>
</arguments>
<msg timestamp="20200205 14:57:56.294" level="INFO">Clicking element 'id=welcome'.</msg>
<status status="PASS" starttime="20200205 14:57:56.293" endtime="20200205 14:57:56.395"></status>
</kw>
<kw name="Click Element" library="SeleniumLibrary">
<doc>Click the element identified by ``locator``.</doc>
<arguments>
<arg>link=Logout</arg>
</arguments>
<msg timestamp="20200205 14:57:56.397" level="INFO">Clicking element 'link=Logout'.</msg>
<status status="PASS" starttime="20200205 14:57:56.395" endtime="20200205 14:57:56.609"></status>
</kw>
<kw name="Sleep" library="BuiltIn">
<doc>Pauses the test executed for the given time.</doc>
<arguments>
<arg>3</arg>
</arguments>
<msg timestamp="20200205 14:57:59.612" level="INFO">Slept 3 seconds</msg>
<status status="PASS" starttime="20200205 14:57:56.610" endtime="20200205 14:57:59.612"></status>
</kw>
<kw name="Close Browser" library="SeleniumLibrary">
<doc>Closes the current browser.</doc>
<status status="PASS" starttime="20200205 14:57:59.613" endtime="20200205 14:58:02.290"></status>
</kw>
<kw name="Log" library="BuiltIn">
<doc>Logs the given message with the given level.</doc>
<arguments>
<arg>This test was executed by %{username} on %{os}</arg>
</arguments>
<msg timestamp="20200205 14:58:02.297" level="INFO">This test was executed by pisawis on Windows_NT</msg>
<status status="PASS" starttime="20200205 14:58:02.292" endtime="20200205 14:58:02.298"></status>
</kw>
<kw name="Log" library="BuiltIn" type="teardown">
<doc>Logs the given message with the given level.</doc>
<arguments>
<arg>I am inside TEST TEARDOWN</arg>
</arguments>
<msg timestamp="20200205 14:58:02.302" level="INFO">I am inside TEST TEARDOWN</msg>
<status status="PASS" starttime="20200205 14:58:02.300" endtime="20200205 14:58:02.303"></status>
</kw>
<doc>SAMPLE LOGIN TEST</doc>
<status status="PASS" starttime="20200205 14:57:45.439" endtime="20200205 14:58:02.304" critical="yes"></status>
</test>
<kw name="Log" library="BuiltIn" type="teardown">
<doc>Logs the given message with the given level.</doc>
<arguments>
<arg>I am inside TEST SUITE TEARDOWN</arg>
</arguments>
<msg timestamp="20200205 14:58:02.313" level="INFO">I am inside TEST SUITE TEARDOWN</msg>
<status status="PASS" starttime="20200205 14:58:02.311" endtime="20200205 14:58:02.314"></status>
</kw>
<status status="PASS" starttime="20200205 14:57:30.486" endtime="20200205 14:58:02.316"></status>
</suite>
<status status="PASS" starttime="20200205 14:57:30.480" endtime="20200205 14:58:02.352"></status>
</suite>
<status status="PASS" starttime="20200205 14:57:30.441" endtime="20200205 14:58:02.376"></status>
</suite>
<statistics>
<total>
<stat pass="3" fail="0">Critical Tests</stat>
<stat pass="3" fail="0">All Tests</stat>
</total>
<tag>
</tag>
<suite>
<stat pass="3" fail="0" id="s1" name="RobotProject1">RobotProject1</stat>
<stat pass="3" fail="0" id="s1-s1" name="Test">RobotProject1.Test</stat>
<stat pass="3" fail="0" id="s1-s1-s1" name="TestSuite1">RobotProject1.Test.TestSuite1</stat>
</suite>
</statistics>
<errors>
</errors>
</robot>
